<?xml version="1.0" encoding="UTF-8"?>
<!-- Generated by org.testng.reporters.JUnitXMLReporter -->
<testsuite ignored="3" hostname="HMECL002418" failures="1" tests="2" name="my first test" time="0.095" errors="0" timestamp="2020-06-22T19:30:36 IST">
  <testcase classname="testngClass2Ex" name="thirdtest" time="0.014"/>
  <testcase classname="Login" name="Validatelogin" time="0.009">
    <failure type="java.lang.NullPointerException">
      <![CDATA[java.lang.NullPointerException
at Login.Validatelogin(Login.java:32)
at java.base/java.util.ArrayList.forEach(ArrayList.java:1540)
... Removed 27 stack frames]]>
    </failure>
  </testcase> <!-- Validatelogin -->
  <testcase classname="testngClass2Ex" name="firsttest" time="0.0">
    <ignored/>
  </testcase> <!-- firsttest -->
  <testcase classname="testngClass2Ex" name="secondtest" time="0.0">
    <ignored/>
  </testcase> <!-- secondtest -->
  <testcase classname="Login" name="Validateloginforinvaliduser" time="0.0">
    <ignored/>
  </testcase> <!-- Validateloginforinvaliduser -->
</testsuite> <!-- my first test -->
